[+] Containers:
 |- [+] Container: /Game/ThirdPerson/Maps/ThirdPersonMap
 |   |- [+] ActorDescs:
 |   |   |- Guid:025F6D8140A63534B8C44390FA46D125 BaseClass: NativeClass:/Script/Engine.StaticMeshActor Name:StaticMeshActor_UAID_00E01FA8B224796A02_1435632784 Label:Cube29 SpatiallyLoaded:1 Bounds:IsValid=true, Min=(X=-6100.000 Y=720.000 Z=300.000), Max=(X=-6000.000 Y=820.000 Z=400.000) RuntimeGrid:None EditorOnly:0 RuntimeOnly:0 HLODRelevant:1
 |   |   |- Guid:09A0D7224A37A8D8B8028E9539176146 BaseClass: NativeClass:/Script/Engine.StaticMeshActor Name:StaticMeshActor_UAID_00E01FA8B224746A02_1661955854 Label:SM_Cube17 SpatiallyLoaded:1 Bounds:IsValid=true, Min=(X=-6930.000 Y=2100.000 Z=11.000), Max=(X=-3930.000 Y=2200.000 Z=303.000) RuntimeGrid:None EditorOnly:0 RuntimeOnly:0 HLODRelevant:1 FolderPath:Playground FolderGuid:C73F09FC4215536B1DCE2A9E0A830C70
 |   |   |- Guid:09FF3E594EC0013A326B1889DDDF8965 BaseClass:/Game/WIdget/BP_Switch.BP_Switch_C NativeClass:/Script/Engine.Actor Name:BP_Switch_C_UAID_00E01FA8B224786A02_1682005603 Label:BP_Switch SpatiallyLoaded:1 Bounds:IsValid=true, Min=(X=-6692.000 Y=1058.000 Z=308.000), Max=(X=-6628.000 Y=1122.000 Z=372.000) RuntimeGrid:None EditorOnly:0 RuntimeOnly:0 HLODRelevant:0
 |   |   |- Guid:1381ABFB4B508DB1ECFF7ABE95F724DA BaseClass:/Game/Switch/BP_Button.BP_Button_C NativeClass:/Script/Engine.Actor Name:BP_Button_C_UAID_00E01FA8B2247F6A02_1549796793 Label:BP_Button SpatiallyLoaded:1 Bounds:IsValid=true, Min=(X=-8192.000 Y=978.000 Z=-32.000), Max=(X=-8128.000 Y=1042.000 Z=32.000) RuntimeGrid:None EditorOnly:0 RuntimeOnly:0 HLODRelevant:0
 |   |   |- Guid:1A7B51A24E05CEB12C40EA873818ED06 BaseClass:/Game/WIdget/BP_Platforms.BP_Platforms_C NativeClass:/Script/Engine.Actor Name:BP_Platforms_C_UAID_00E01FA8B224766A02_1973934243 Label:BP_Platforms SpatiallyLoaded:1 Bounds:IsValid=true, Min=(X=-8222.000 Y=1338.000 Z=-32.000), Max=(X=-8158.000 Y=1402.000 Z=32.000) RuntimeGrid:None EditorOnly:0 RuntimeOnly:0 HLODRelevant:0
 |   |   |- Guid:1D1181A14C9259FAA95D159A2A71F359 BaseClass: NativeClass:/Script/Engine.StaticMeshActor Name:StaticMeshActor_UAID_00E01FA8B224766A02_1245721241 Label:SM_Cube15 SpatiallyLoaded:1 Bounds:IsValid=true, Min=(X=-4560.000 Y=720.000 Z=-100.000), Max=(X=-3814.250 Y=2153.750 Z=300.000) RuntimeGrid:None EditorOnly:0 RuntimeOnly:0 HLODRelevant:1 FolderPath:Playground FolderGuid:C73F09FC4215536B1DCE2A9E0A830C70
 |   |   |- Guid:2211DAFD4E3885FF4CCA9F9CEE7A0D2A BaseClass: NativeClass:/Script/Engine.StaticMeshActor Name:StaticMeshActor_UAID_00E01FA8B224756A02_1615121056 Label:Cube18 SpatiallyLoaded:1 Bounds:IsValid=true, Min=(X=-7217.500 Y=1630.000 Z=230.000), Max=(X=-7122.500 Y=1830.000 Z=250.000) RuntimeGrid:None EditorOnly:0 RuntimeOnly:0 HLODRelevant:0
 |   |   |- Guid:2FB58999456391D349DC0F86DAC136ED BaseClass: NativeClass:/Script/Engine.SkyLight Name:SkyLight_1 Label:SkyLight SpatiallyLoaded:0 Bounds:IsValid=true, Min=(X=0.000 Y=0.000 Z=690.000), Max=(X=0.000 Y=0.000 Z=690.000) RuntimeGrid:None EditorOnly:0 RuntimeOnly:0 HLODRelevant:0 FolderPath:Lighting FolderGuid:963EC3EB4002CCE9759E2EBA541A873A
 |   |   |- Guid:316CF2A6494ACA4C0E4180A87D36AB8F BaseClass: NativeClass:/Script/Engine.ExponentialHeightFog Name:ExponentialHeightFog_0 Label:ExponentialHeightFog SpatiallyLoaded:0 Bounds:IsValid=true, Min=(X=-5600.000 Y=-50.000 Z=-6850.000), Max=(X=-5600.000 Y=-50.000 Z=-6850.000) RuntimeGrid:None EditorOnly:0 RuntimeOnly:0 HLODRelevant:0 FolderPath:Lighting FolderGuid:963EC3EB4002CCE9759E2EBA541A873A
 |   |   |- Guid:384ADC1C4DEAE25F2684D4A738048E83 BaseClass: NativeClass:/Script/Engine.StaticMeshActor Name:StaticMeshActor_UAID_00E01FA8B224756A02_1615113051 Label:Cube16 SpatiallyLoaded:1 Bounds:IsValid=true, Min=(X=-7327.500 Y=1630.000 Z=200.000), Max=(X=-7232.500 Y=1830.000 Z=220.000) RuntimeGrid:None EditorOnly:0 RuntimeOnly:0 HLODRelevant:0
 |   |   |- Guid:38ACACB0448809734FA7C8B0E0D4E597 BaseClass: NativeClass:/Script/Engine.StaticMeshActor Name:StaticMeshActor_UAID_00E01FA8B224776A02_2121993426 Label:Cube26 SpatiallyLoaded:1 Bounds:IsValid=true, Min=(X=-6617.500 Y=1112.500 Z=421.750), Max=(X=-6602.500 Y=1127.500 Z=424.250) RuntimeGrid:None EditorOnly:0 RuntimeOnly:0 HLODRelevant:1
 |   |   |- Guid:3B3EB0E342180EDF9DE941AE6EED9998 BaseClass: NativeClass:/Script/Engine.StaticMeshActor Name:StaticMeshActor_UAID_00E01FA8B224746A02_1176932853 Label:Cube SpatiallyLoaded:1 Bounds:IsValid=true, Min=(X=-7447.500 Y=900.000 Z=170.000), Max=(X=-7352.500 Y=1100.000 Z=190.000) RuntimeGrid:None EditorOnly:0 RuntimeOnly:0 HLODRelevant:0
 |   |   |- Guid:3DF3DA9E4F5D905F484C1B84C1B2A0D3 BaseClass: NativeClass:/Script/Engine.StaticMeshActor Name:StaticMeshActor_UAID_00E01FA8B224756A02_1443293047 Label:Cube15 SpatiallyLoaded:1 Bounds:IsValid=true, Min=(X=-7107.500 Y=940.000 Z=260.000), Max=(X=-7012.500 Y=1140.000 Z=280.000) RuntimeGrid:None EditorOnly:0 RuntimeOnly:0 HLODRelevant:0
 |   |   |- Guid:43815E84492231AFC407F59E3C28176B BaseClass: NativeClass:/Script/Engine.StaticMeshActor Name:StaticMeshActor_4 Label:SM_Cube6 SpatiallyLoaded:1 Bounds:IsValid=true, Min=(X=-6990.000 Y=720.000 Z=-100.000), Max=(X=-6244.250 Y=2153.750 Z=300.000) RuntimeGrid:None EditorOnly:0 RuntimeOnly:0 HLODRelevant:1 FolderPath:Playground FolderGuid:C73F09FC4215536B1DCE2A9E0A830C70
 |   |   |- Guid:44BA261F461A360C5A791480E9B4DF50 BaseClass: NativeClass:/Script/Engine.StaticMeshActor Name:StaticMeshActor_UAID_00E01FA8B224796A02_1424592783 Label:Cube28 SpatiallyLoaded:1 Bounds:IsValid=true, Min=(X=-4860.000 Y=2100.000 Z=300.000), Max=(X=-4760.000 Y=2200.000 Z=400.000) RuntimeGrid:None EditorOnly:0 RuntimeOnly:0 HLODRelevant:1
 |   |   |- Guid:4CA414054793352968E380ADD9FB951A BaseClass: NativeClass:/Script/Engine.StaticMeshActor Name:StaticMeshActor_UAID_00E01FA8B224746A02_1805153856 Label:Cube2 SpatiallyLoaded:1 Bounds:IsValid=true, Min=(X=-7547.500 Y=880.000 Z=130.000), Max=(X=-7452.500 Y=1080.000 Z=150.000) RuntimeGrid:None EditorOnly:0 RuntimeOnly:0 HLODRelevant:0
 |   |   |- Guid:4D3BE93F4146AAAC8BBE79999D96D57F BaseClass: NativeClass:/Script/Engine.VolumetricCloud Name:VolumetricCloud_0 Label:VolumetricCloud SpatiallyLoaded:0 Bounds:IsValid=true, Min=(X=0.000 Y=0.000 Z=820.000), Max=(X=0.000 Y=0.000 Z=820.000) RuntimeGrid:None EditorOnly:0 RuntimeOnly:0 HLODRelevant:0 FolderPath:Lighting FolderGuid:963EC3EB4002CCE9759E2EBA541A873A
 |   |   |- Guid:4ED9C9424BDBD377341D3DB03B368A2C BaseClass: NativeClass:/Script/Engine.StaticMeshActor Name:StaticMeshActor_UAID_00E01FA8B224746A02_1809343857 Label:Cube3 SpatiallyLoaded:1 Bounds:IsValid=true, Min=(X=-7657.500 Y=880.000 Z=100.000), Max=(X=-7562.500 Y=1080.000 Z=120.000) RuntimeGrid:None EditorOnly:0 RuntimeOnly:0 HLODRelevant:0
 |   |   |- Guid:4F15A3604928507D0EA419B0C0876D84 BaseClass: NativeClass:/Script/Engine.StaticMeshActor Name:StaticMeshActor_UAID_00E01FA8B224746A02_1822601859 Label:Cube5 SpatiallyLoaded:1 Bounds:IsValid=true, Min=(X=-7877.500 Y=870.000 Z=40.000), Max=(X=-7782.500 Y=1070.000 Z=60.000) RuntimeGrid:None EditorOnly:0 RuntimeOnly:0 HLODRelevant:0
 |   |   |- Guid:506DF6B347748A370D28EE8747176193 BaseClass: NativeClass:/Script/Engine.StaticMeshActor Name:StaticMeshActor_UAID_00E01FA8B224766A02_1103477236 Label:Cube19 SpatiallyLoaded:1 Bounds:IsValid=true, Min=(X=-6186.500 Y=930.000 Z=85.000), Max=(X=-5973.500 Y=2030.000 Z=115.000) RuntimeGrid:None EditorOnly:0 RuntimeOnly:0 HLODRelevant:0
 |   |   |- Guid:5317BF1B4356B370E038A09C7E5F529D BaseClass:/Game/Gate/BP_Gate.BP_Gate_C NativeClass:/Script/Engine.Actor Name:BP_Gate_C_UAID_00E01FA8B224766A02_1076670235 Label:BP_Gate SpatiallyLoaded:1 Bounds:IsValid=true, Min=(X=-6702.000 Y=1818.000 Z=308.000), Max=(X=-6638.000 Y=1882.000 Z=372.000) RuntimeGrid:None EditorOnly:0 RuntimeOnly:0 HLODRelevant:0
 |   |   |- Guid:54A3E90C4659BF68AC6A1AB61255CA9D BaseClass: NativeClass:/Script/Engine.StaticMeshActor Name:StaticMeshActor_UAID_00E01FA8B224766A02_1178050239 Label:Cube22 SpatiallyLoaded:1 Bounds:IsValid=true, Min=(X=-5311.875 Y=950.000 Z=-145.000), Max=(X=-4968.125 Y=2050.000 Z=-115.000) RuntimeGrid:None EditorOnly:0 RuntimeOnly:0 HLODRelevant:0
 |   |   |- Guid:59183C024C513136FF2AB2A3EB21C8A6 BaseClass:/Game/WIdget/BP_Platforms.BP_Platforms_C NativeClass:/Script/Engine.Actor Name:BP_Platforms_C_UAID_00E01FA8B224776A02_1730449420 Label:BP_Platforms2 SpatiallyLoaded:1 Bounds:IsValid=true, Min=(X=-6702.000 Y=1818.000 Z=298.000), Max=(X=-6638.000 Y=1882.000 Z=362.000) RuntimeGrid:None EditorOnly:0 RuntimeOnly:0 HLODRelevant:0
 |   |   |- Guid:5B97F4A64FB21F77EFC44386BF705B4C BaseClass: NativeClass:/Script/Engine.TextRenderActor Name:TextRenderActor_1 Label:TextRenderActor SpatiallyLoaded:1 Bounds:IsValid=true, Min=(X=-0.100 Y=1100.000 Z=65.013), Max=(X=-0.100 Y=2392.308 Z=215.013) RuntimeGrid:None EditorOnly:0 RuntimeOnly:0 HLODRelevant:0
 |   |   |- Guid:5DF64C784A3F3FAFCF52A4A155EE2134 BaseClass: NativeClass:/Script/Engine.StaticMeshActor Name:StaticMeshActor_UAID_00E01FA8B224796A02_1435636785 Label:Cube30 SpatiallyLoaded:1 Bounds:IsValid=true, Min=(X=-5570.000 Y=720.000 Z=300.000), Max=(X=-5470.000 Y=820.000 Z=400.000) RuntimeGrid:None EditorOnly:0 RuntimeOnly:0 HLODRelevant:1
 |   |   |- Guid:5E7DCD7044F3B9F3F389E1A6C2AB06F4 BaseClass: NativeClass:/Script/Engine.StaticMeshActor Name:StaticMeshActor_UAID_00E01FA8B224776A02_1970872421 Label:Plane4 SpatiallyLoaded:1 Bounds:IsValid=true, Min=(X=-6730.000 Y=1050.000 Z=303.000), Max=(X=-6630.000 Y=1150.000 Z=303.000) RuntimeGrid:None EditorOnly:0 RuntimeOnly:0 HLODRelevant:1
 |   |   |- Guid:60EFF6BD4A93D8DA3D4622A2F4F5E103 BaseClass:/Game/Gate/BP_GateLeft.BP_GateLeft_C NativeClass:/Script/Engine.Actor Name:BP_GateLeft_C_UAID_00E01FA8B224756A02_1135120044 Label:BP_GateLeft SpatiallyLoaded:1 Bounds:IsValid=true, Min=(X=-8192.000 Y=1328.000 Z=8.000), Max=(X=-8128.000 Y=1392.000 Z=72.000) RuntimeGrid:None EditorOnly:0 RuntimeOnly:0 HLODRelevant:0
 |   |   |- Guid:64D9255247E4B3BBCA41049D7E1C17D6 BaseClass: NativeClass:/Script/Engine.StaticMeshActor Name:StaticMeshActor_UAID_00E01FA8B224756A02_1615105048 Label:Cube7 SpatiallyLoaded:1 Bounds:IsValid=true, Min=(X=-7767.500 Y=1580.000 Z=80.000), Max=(X=-7672.500 Y=1780.000 Z=100.000) RuntimeGrid:None EditorOnly:0 RuntimeOnly:0 HLODRelevant:0
 |   |   |- Guid:68195DCE4E0D91EE38347184A83D7363 BaseClass: NativeClass:/Script/Engine.StaticMeshActor Name:StaticMeshActor_UAID_00E01FA8B224756A02_1615115052 Label:Cube10 SpatiallyLoaded:1 Bounds:IsValid=true, Min=(X=-7877.500 Y=1580.000 Z=40.000), Max=(X=-7782.500 Y=1780.000 Z=60.000) RuntimeGrid:None EditorOnly:0 RuntimeOnly:0 HLODRelevant:0
 |   |   |- Guid:6BAF4DDD444C60371492D3919DB42C97 BaseClass: NativeClass:/Script/Engine.WorldDataLayers Name:WorldDataLayers Label:WorldDataLayers SpatiallyLoaded:0 Bounds:IsValid=true, Min=(X=0.000 Y=0.000 Z=0.000), Max=(X=0.000 Y=0.000 Z=0.000) RuntimeGrid:None EditorOnly:0 RuntimeOnly:0 HLODRelevant:0
 |   |   |- Guid:6DDCCB6649D06695FCD25B99AF0A273F BaseClass: NativeClass:/Script/Engine.StaticMeshActor Name:StaticMeshActor_UAID_00E01FA8B224736A02_1774274674 Label:SM_Cube16 SpatiallyLoaded:1 Bounds:IsValid=true, Min=(X=-9476.000 Y=0.000 Z=-50.000), Max=(X=-6834.500 Y=3500.000 Z=0.000) RuntimeGrid:None EditorOnly:0 RuntimeOnly:0 HLODRelevant:1 FolderPath:Playground FolderGuid:C73F09FC4215536B1DCE2A9E0A830C70
 |   |   |- Guid:6E61E9334E508B5803625D883E22E119 BaseClass: NativeClass:/Script/Engine.StaticMeshActor Name:StaticMeshActor_UAID_00E01FA8B224756A02_1615110049 Label:Cube8 SpatiallyLoaded:1 Bounds:IsValid=true, Min=(X=-7657.500 Y=1590.000 Z=100.000), Max=(X=-7562.500 Y=1790.000 Z=120.000) RuntimeGrid:None EditorOnly:0 RuntimeOnly:0 HLODRelevant:0
 |   |   |- Guid:7B31E1C247025B4787E63697D6B9B5F1 BaseClass: NativeClass:/Script/Engine.StaticMeshActor Name:StaticMeshActor_UAID_00E01FA8B224776A02_2004564422 Label:Cube24 SpatiallyLoaded:1 Bounds:IsValid=true, Min=(X=-6629.500 Y=1100.750 Z=301.750), Max=(X=-6590.500 Y=1139.250 Z=418.250) RuntimeGrid:None EditorOnly:0 RuntimeOnly:0 HLODRelevant:1
 |   |   |- Guid:7C073EE44D8EE8A90F9AB981373A7504 BaseClass: NativeClass:/Script/Engine.StaticMeshActor Name:StaticMeshActor_UAID_00E01FA8B224746A02_1815531858 Label:Cube4 SpatiallyLoaded:1 Bounds:IsValid=true, Min=(X=-7767.500 Y=880.000 Z=80.000), Max=(X=-7672.500 Y=1080.000 Z=100.000) RuntimeGrid:None EditorOnly:0 RuntimeOnly:0 HLODRelevant:0
 |   |   |- Guid:7E8B30DA4F04CEC1EB1A33887686FAE6 BaseClass: NativeClass:/Script/Engine.StaticMeshActor Name:StaticMeshActor_UAID_00E01FA8B224796A02_1413269781 Label:Cube24 SpatiallyLoaded:1 Bounds:IsValid=true, Min=(X=-6100.000 Y=2100.000 Z=300.000), Max=(X=-6000.000 Y=2200.000 Z=400.000) RuntimeGrid:None EditorOnly:0 RuntimeOnly:0 HLODRelevant:1
 |   |   |- Guid:81307179423E01B0CF017993E1D2EBFA BaseClass: NativeClass:/Script/Engine.StaticMeshActor Name:StaticMeshActor_UAID_00E01FA8B224756A02_1615118054 Label:Cube11 SpatiallyLoaded:1 Bounds:IsValid=true, Min=(X=-7447.500 Y=1630.000 Z=170.000), Max=(X=-7352.500 Y=1830.000 Z=190.000) RuntimeGrid:None EditorOnly:0 RuntimeOnly:0 HLODRelevant:0
 |   |   |- Guid:8174D397402CD96EED8114800F594493 BaseClass: NativeClass:/Script/Engine.PlayerStart Name:PlayerStart_UAID_00E01FA8B224736A02_1744123673 Label:PlayerStart2 SpatiallyLoaded:0 Bounds:IsValid=true, Min=(X=-8330.000 Y=1470.000 Z=0.013), Max=(X=-8250.000 Y=1550.000 Z=184.013) RuntimeGrid:None EditorOnly:0 RuntimeOnly:0 HLODRelevant:0
 |   |   |- Guid:8AF151774404848E270DE390B0C3F520 BaseClass: NativeClass:/Script/Engine.StaticMeshActor Name:StaticMeshActor_UAID_00E01FA8B224766A02_1151739238 Label:Cube21 SpatiallyLoaded:1 Bounds:IsValid=true, Min=(X=-5648.000 Y=950.000 Z=-85.000), Max=(X=-5352.000 Y=2050.000 Z=-55.000) RuntimeGrid:None EditorOnly:0 RuntimeOnly:0 HLODRelevant:0
 |   |   |- Guid:93F72AEE4B432DF21D85CB8D617EB443 BaseClass: NativeClass:/Script/Engine.StaticMeshActor Name:StaticMeshActor_UAID_00E01FA8B224756A02_2078508057 Label:Plane2 SpatiallyLoaded:1 Bounds:IsValid=true, Min=(X=-6720.000 Y=1800.000 Z=301.000), Max=(X=-6620.000 Y=1900.000 Z=301.000) RuntimeGrid:None EditorOnly:0 RuntimeOnly:0 HLODRelevant:1
 |   |   |- Guid:94703D424E9C4B0D681A9884B1C70B35 BaseClass: NativeClass:/Script/Engine.StaticMeshActor Name:StaticMeshActor_UAID_00E01FA8B224796A02_1435639786 Label:Cube31 SpatiallyLoaded:1 Bounds:IsValid=true, Min=(X=-4860.000 Y=720.000 Z=300.000), Max=(X=-4760.000 Y=820.000 Z=400.000) RuntimeGrid:None EditorOnly:0 RuntimeOnly:0 HLODRelevant:1
 |   |   |- Guid:95572DAD4EC7BB01AB2508986E90209A BaseClass:/Game/Switch/BP_Button.BP_Button_C NativeClass:/Script/Engine.Actor Name:BP_Button_C_UAID_00E01FA8B2247F6A02_1337235792 Label:BP_Button SpatiallyLoaded:1 Bounds:IsValid=true, Min=(X=-7982.000 Y=958.000 Z=38.000), Max=(X=-7918.000 Y=1022.000 Z=102.000) RuntimeGrid:None EditorOnly:0 RuntimeOnly:0 HLODRelevant:0
 |   |   |- Guid:9D80D75246B05663228CD5A4C576A8EE BaseClass: NativeClass:/Script/Engine.StaticMeshActor Name:StaticMeshActor_UAID_00E01FA8B224736A02_1663362671 Label:SM_Cube14 SpatiallyLoaded:1 Bounds:IsValid=true, Min=(X=-4390.000 Y=0.000 Z=-50.000), Max=(X=-1390.000 Y=3500.000 Z=0.000) RuntimeGrid:None EditorOnly:0 RuntimeOnly:0 HLODRelevant:1 FolderPath:Playground FolderGuid:C73F09FC4215536B1DCE2A9E0A830C70
 |   |   |- Guid:A381FC4F4AD9A2D694A9E19E01347785 BaseClass:/Game/Switch/BP_PointLIght.BP_PointLIght_C NativeClass:/Script/Engine.Actor Name:BP_PointLIght_C_UAID_00E01FA8B2247E6A02_2081289614 Label:BP_PointLIght SpatiallyLoaded:1 Bounds:IsValid=true, Min=(X=-9090.000 Y=-220.000 Z=-930.000), Max=(X=-7090.000 Y=1780.000 Z=1070.000) RuntimeGrid:None EditorOnly:0 RuntimeOnly:0 HLODRelevant:0
 |   |   |- Guid:AAB745C2408451E6EBFBAE9C6F222A79 BaseClass: NativeClass:/Script/Engine.StaticMeshActor Name:StaticMeshActor_UAID_00E01FA8B224756A02_1425498045 Label:Cube13 SpatiallyLoaded:1 Bounds:IsValid=true, Min=(X=-7327.500 Y=910.000 Z=200.000), Max=(X=-7232.500 Y=1110.000 Z=220.000) RuntimeGrid:None EditorOnly:0 RuntimeOnly:0 HLODRelevant:0
 |   |   |- Guid:B6DA7719407F6E456D3ACD9DD5124986 BaseClass: NativeClass:/Script/Engine.StaticMeshActor Name:StaticMeshActor_UAID_00E01FA8B224746A02_1153326851 Label:Plane SpatiallyLoaded:1 Bounds:IsValid=true, Min=(X=-8200.000 Y=1310.000 Z=4.000), Max=(X=-8100.000 Y=1410.000 Z=4.000) RuntimeGrid:None EditorOnly:0 RuntimeOnly:0 HLODRelevant:1
 |   |   |- Guid:B785ED2844B84CFB91E7F39FE661CD99 BaseClass: NativeClass:/Script/Engine.DirectionalLight Name:DirectionalLight_0 Label:DirectionalLight SpatiallyLoaded:0 Bounds:IsValid=true, Min=(X=-4398046511104.000 Y=-4398046511104.000 Z=-4398046511104.000), Max=(X=4398046511104.000 Y=4398046511104.000 Z=4398046511104.000) RuntimeGrid:None EditorOnly:0 RuntimeOnly:0 HLODRelevant:0 FolderPath:Lighting FolderGuid:963EC3EB4002CCE9759E2EBA541A873A
 |   |   |- Guid:C8AECEE74AEE74FD6EA9448B1E224CA5 BaseClass: NativeClass:/Script/Engine.StaticMeshActor Name:StaticMeshActor_UAID_00E01FA8B224766A02_1145563237 Label:Cube20 SpatiallyLoaded:1 Bounds:IsValid=true, Min=(X=-5924.500 Y=940.000 Z=-15.000), Max=(X=-5695.500 Y=2040.000 Z=15.000) RuntimeGrid:None EditorOnly:0 RuntimeOnly:0 HLODRelevant:0
 |   |   |- Guid:C9A142C740CD7519ABD155AF28C1C88C BaseClass: NativeClass:/Script/Engine.StaticMeshActor Name:StaticMeshActor_UAID_00E01FA8B224756A02_1615119055 Label:Cube12 SpatiallyLoaded:1 Bounds:IsValid=true, Min=(X=-7987.500 Y=1570.000 Z=10.000), Max=(X=-7892.500 Y=1770.000 Z=30.000) RuntimeGrid:None EditorOnly:0 RuntimeOnly:0 HLODRelevant:0
 |   |   |- Guid:CCFF262C46EEFFDF319E7F9539CE697E BaseClass: NativeClass:/Script/Engine.SkyAtmosphere Name:SkyAtmosphere_0 Label:SkyAtmosphere SpatiallyLoaded:0 Bounds:IsValid=true, Min=(X=0.000 Y=0.000 Z=1020.000), Max=(X=0.000 Y=0.000 Z=1020.000) RuntimeGrid:None EditorOnly:0 RuntimeOnly:0 HLODRelevant:0 FolderPath:Lighting FolderGuid:963EC3EB4002CCE9759E2EBA541A873A
 |   |   |- Guid:D55EB333422318215C7643A87C05F222 BaseClass: NativeClass:/Script/Engine.StaticMeshActor Name:StaticMeshActor_UAID_00E01FA8B224796A02_1419872782 Label:Cube27 SpatiallyLoaded:1 Bounds:IsValid=true, Min=(X=-5570.000 Y=2100.000 Z=300.000), Max=(X=-5470.000 Y=2200.000 Z=400.000) RuntimeGrid:None EditorOnly:0 RuntimeOnly:0 HLODRelevant:1
 |   |   |- Guid:D56045C04DA4BC808EDF5FB35DEF6C64 BaseClass: NativeClass:/Script/Engine.StaticMeshActor Name:StaticMeshActor_UAID_00E01FA8B224756A02_1432815046 Label:Cube14 SpatiallyLoaded:1 Bounds:IsValid=true, Min=(X=-7217.500 Y=920.000 Z=230.000), Max=(X=-7122.500 Y=1120.000 Z=250.000) RuntimeGrid:None EditorOnly:0 RuntimeOnly:0 HLODRelevant:0
 |   |   |- Guid:E73C6F3741ED51A53DD803819A1CA8D8 BaseClass: NativeClass:/Script/Engine.StaticMeshActor Name:StaticMeshActor_UAID_00E01FA8B224776A02_2085161425 Label:Cube25 SpatiallyLoaded:1 Bounds:IsValid=true, Min=(X=-6624.000 Y=1106.375 Z=418.500), Max=(X=-6596.000 Y=1133.625 Z=421.500) RuntimeGrid:None EditorOnly:0 RuntimeOnly:0 HLODRelevant:1
 |   |   |- Guid:EAD883FC4E1FB9BD51D6B0A4C8262457 BaseClass: NativeClass:/Script/Engine.StaticMeshActor Name:StaticMeshActor_UAID_00E01FA8B224756A02_1615112050 Label:Cube9 SpatiallyLoaded:1 Bounds:IsValid=true, Min=(X=-7547.500 Y=1610.000 Z=130.000), Max=(X=-7452.500 Y=1810.000 Z=150.000) RuntimeGrid:None EditorOnly:0 RuntimeOnly:0 HLODRelevant:0
 |   |   |- Guid:EC4E0C944CE6AC6E784BC6BB2916EA13 BaseClass: NativeClass:/Script/Engine.StaticMeshActor Name:StaticMeshActor_UAID_A4AE111137DC5EFB00_1110535423 Label:SM_SkySphere SpatiallyLoaded:0 Bounds:IsValid=true, Min=(X=-1638400.000 Y=-1638400.000 Z=-1638400.000), Max=(X=1638400.000 Y=1638400.000 Z=1638400.000) RuntimeGrid:None EditorOnly:0 RuntimeOnly:0 HLODRelevant:1 FolderPath:Lighting FolderGuid:963EC3EB4002CCE9759E2EBA541A873A
 |   |   |- Guid:F113E0744FBAADF439632ABC23F190BB BaseClass: NativeClass:/Script/Engine.StaticMeshActor Name:StaticMeshActor_UAID_00E01FA8B224766A02_1212039240 Label:Cube23 SpatiallyLoaded:1 Bounds:IsValid=true, Min=(X=-4909.625 Y=950.000 Z=-285.000), Max=(X=-4590.375 Y=2050.000 Z=-255.000) RuntimeGrid:None EditorOnly:0 RuntimeOnly:0 HLODRelevant:0
 |   |   |- Guid:F487872C4A8DC0CA4BECDA9DA31BB776 BaseClass: NativeClass:/Script/Engine.StaticMeshActor Name:StaticMeshActor_UAID_00E01FA8B224766A02_1300524242 Label:Plane3 SpatiallyLoaded:1 Bounds:IsValid=true, Min=(X=-6377.625 Y=1340.000 Z=300.000), Max=(X=-4622.375 Y=1340.000 Z=300.000) RuntimeGrid:None EditorOnly:0 RuntimeOnly:0 HLODRelevant:1
 |   |   |- Guid:F5E3FEB3450C49844FD93DA8E083C8AD BaseClass: NativeClass:/Script/Engine.PostProcessVolume Name:PostProcessVolume_0 Label:PostProcessVolume SpatiallyLoaded:0 Bounds:IsValid=true, Min=(X=0.000 Y=0.000 Z=400.000), Max=(X=200.000 Y=200.000 Z=600.000) RuntimeGrid:None EditorOnly:0 RuntimeOnly:0 HLODRelevant:0 FolderPath:Lighting FolderGuid:963EC3EB4002CCE9759E2EBA541A873A
 |   |   |- Guid:F6383C784F69F3A326B0E2A96E02BBE9 BaseClass:/Game/Gate/BP_GateRight.BP_GateRight_C NativeClass:/Script/Engine.Actor Name:BP_GateRight_C_UAID_00E01FA8B224746A02_1170602852 Label:BP_GateRight SpatiallyLoaded:1 Bounds:IsValid=true, Min=(X=-8192.000 Y=1338.000 Z=8.000), Max=(X=-8128.000 Y=1402.000 Z=72.000) RuntimeGrid:None EditorOnly:0 RuntimeOnly:0 HLODRelevant:0
 |   |   |- Guid:F837C534446AC6A1E9ABB7B834A11B01 BaseClass: NativeClass:/Script/Engine.StaticMeshActor Name:StaticMeshActor_UAID_00E01FA8B224756A02_1615116053 Label:Cube17 SpatiallyLoaded:1 Bounds:IsValid=true, Min=(X=-7107.500 Y=1630.000 Z=260.000), Max=(X=-7012.500 Y=1830.000 Z=280.000) RuntimeGrid:None EditorOnly:0 RuntimeOnly:0 HLODRelevant:0
 |   |   |- Guid:F85843DE4177F9FE63A188802778819D BaseClass: NativeClass:/Script/Engine.StaticMeshActor Name:StaticMeshActor_UAID_00E01FA8B224746A02_1836806860 Label:Cube6 SpatiallyLoaded:1 Bounds:IsValid=true, Min=(X=-7987.500 Y=890.000 Z=10.000), Max=(X=-7892.500 Y=1090.000 Z=30.000) RuntimeGrid:None EditorOnly:0 RuntimeOnly:0 HLODRelevant:0
 |   |   |- Guid:FF698C67459ADB4982D7759C0905EE9F BaseClass: NativeClass:/Script/Engine.StaticMeshActor Name:StaticMeshActor_6 Label:SM_Cube3 SpatiallyLoaded:1 Bounds:IsValid=true, Min=(X=-6930.000 Y=720.000 Z=11.000), Max=(X=-3930.000 Y=820.000 Z=303.000) RuntimeGrid:None EditorOnly:0 RuntimeOnly:0 HLODRelevant:1 FolderPath:Playground FolderGuid:C73F09FC4215536B1DCE2A9E0A830C70
 |   |- [+] Clusters:
 |   |   |- [+] [  0]
 |   |   |   |- Guid:6BAF4DDD444C60371492D3919DB42C97 BaseClass: NativeClass:/Script/Engine.WorldDataLayers Name:WorldDataLayers Label:WorldDataLayers SpatiallyLoaded:0 Bounds:IsValid=true, Min=(X=0.000 Y=0.000 Z=0.000), Max=(X=0.000 Y=0.000 Z=0.000) RuntimeGrid:None EditorOnly:0 RuntimeOnly:0 HLODRelevant:0
 |   |   |- [+] [  1]
 |   |   |   |- Guid:6DDCCB6649D06695FCD25B99AF0A273F BaseClass: NativeClass:/Script/Engine.StaticMeshActor Name:StaticMeshActor_UAID_00E01FA8B224736A02_1774274674 Label:SM_Cube16 SpatiallyLoaded:1 Bounds:IsValid=true, Min=(X=-9476.000 Y=0.000 Z=-50.000), Max=(X=-6834.500 Y=3500.000 Z=0.000) RuntimeGrid:None EditorOnly:0 RuntimeOnly:0 HLODRelevant:1 FolderPath:Playground FolderGuid:C73F09FC4215536B1DCE2A9E0A830C70
 |   |   |- [+] [  2]
 |   |   |   |- Guid:7E8B30DA4F04CEC1EB1A33887686FAE6 BaseClass: NativeClass:/Script/Engine.StaticMeshActor Name:StaticMeshActor_UAID_00E01FA8B224796A02_1413269781 Label:Cube24 SpatiallyLoaded:1 Bounds:IsValid=true, Min=(X=-6100.000 Y=2100.000 Z=300.000), Max=(X=-6000.000 Y=2200.000 Z=400.000) RuntimeGrid:None EditorOnly:0 RuntimeOnly:0 HLODRelevant:1
 |   |   |- [+] [  3]
 |   |   |   |- Guid:59183C024C513136FF2AB2A3EB21C8A6 BaseClass:/Game/WIdget/BP_Platforms.BP_Platforms_C NativeClass:/Script/Engine.Actor Name:BP_Platforms_C_UAID_00E01FA8B224776A02_1730449420 Label:BP_Platforms2 SpatiallyLoaded:1 Bounds:IsValid=true, Min=(X=-6702.000 Y=1818.000 Z=298.000), Max=(X=-6638.000 Y=1882.000 Z=362.000) RuntimeGrid:None EditorOnly:0 RuntimeOnly:0 HLODRelevant:0
 |   |   |- [+] [  4]
 |   |   |   |- Guid:A381FC4F4AD9A2D694A9E19E01347785 BaseClass:/Game/Switch/BP_PointLIght.BP_PointLIght_C NativeClass:/Script/Engine.Actor Name:BP_PointLIght_C_UAID_00E01FA8B2247E6A02_2081289614 Label:BP_PointLIght SpatiallyLoaded:1 Bounds:IsValid=true, Min=(X=-9090.000 Y=-220.000 Z=-930.000), Max=(X=-7090.000 Y=1780.000 Z=1070.000) RuntimeGrid:None EditorOnly:0 RuntimeOnly:0 HLODRelevant:0
 |   |   |- [+] [  5]
 |   |   |   |- Guid:F5E3FEB3450C49844FD93DA8E083C8AD BaseClass: NativeClass:/Script/Engine.PostProcessVolume Name:PostProcessVolume_0 Label:PostProcessVolume SpatiallyLoaded:0 Bounds:IsValid=true, Min=(X=0.000 Y=0.000 Z=400.000), Max=(X=200.000 Y=200.000 Z=600.000) RuntimeGrid:None EditorOnly:0 RuntimeOnly:0 HLODRelevant:0 FolderPath:Lighting FolderGuid:963EC3EB4002CCE9759E2EBA541A873A
 |   |   |- [+] [  6]
 |   |   |   |- Guid:60EFF6BD4A93D8DA3D4622A2F4F5E103 BaseClass:/Game/Gate/BP_GateLeft.BP_GateLeft_C NativeClass:/Script/Engine.Actor Name:BP_GateLeft_C_UAID_00E01FA8B224756A02_1135120044 Label:BP_GateLeft SpatiallyLoaded:1 Bounds:IsValid=true, Min=(X=-8192.000 Y=1328.000 Z=8.000), Max=(X=-8128.000 Y=1392.000 Z=72.000) RuntimeGrid:None EditorOnly:0 RuntimeOnly:0 HLODRelevant:0
 |   |   |   |- Guid:F837C534446AC6A1E9ABB7B834A11B01 BaseClass: NativeClass:/Script/Engine.StaticMeshActor Name:StaticMeshActor_UAID_00E01FA8B224756A02_1615116053 Label:Cube17 SpatiallyLoaded:1 Bounds:IsValid=true, Min=(X=-7107.500 Y=1630.000 Z=260.000), Max=(X=-7012.500 Y=1830.000 Z=280.000) RuntimeGrid:None EditorOnly:0 RuntimeOnly:0 HLODRelevant:0
 |   |   |   |- Guid:2211DAFD4E3885FF4CCA9F9CEE7A0D2A BaseClass: NativeClass:/Script/Engine.StaticMeshActor Name:StaticMeshActor_UAID_00E01FA8B224756A02_1615121056 Label:Cube18 SpatiallyLoaded:1 Bounds:IsValid=true, Min=(X=-7217.500 Y=1630.000 Z=230.000), Max=(X=-7122.500 Y=1830.000 Z=250.000) RuntimeGrid:None EditorOnly:0 RuntimeOnly:0 HLODRelevant:0
 |   |   |   |- Guid:384ADC1C4DEAE25F2684D4A738048E83 BaseClass: NativeClass:/Script/Engine.StaticMeshActor Name:StaticMeshActor_UAID_00E01FA8B224756A02_1615113051 Label:Cube16 SpatiallyLoaded:1 Bounds:IsValid=true, Min=(X=-7327.500 Y=1630.000 Z=200.000), Max=(X=-7232.500 Y=1830.000 Z=220.000) RuntimeGrid:None EditorOnly:0 RuntimeOnly:0 HLODRelevant:0
 |   |   |   |- Guid:81307179423E01B0CF017993E1D2EBFA BaseClass: NativeClass:/Script/Engine.StaticMeshActor Name:StaticMeshActor_UAID_00E01FA8B224756A02_1615118054 Label:Cube11 SpatiallyLoaded:1 Bounds:IsValid=true, Min=(X=-7447.500 Y=1630.000 Z=170.000), Max=(X=-7352.500 Y=1830.000 Z=190.000) RuntimeGrid:None EditorOnly:0 RuntimeOnly:0 HLODRelevant:0
 |   |   |   |- Guid:EAD883FC4E1FB9BD51D6B0A4C8262457 BaseClass: NativeClass:/Script/Engine.StaticMeshActor Name:StaticMeshActor_UAID_00E01FA8B224756A02_1615112050 Label:Cube9 SpatiallyLoaded:1 Bounds:IsValid=true, Min=(X=-7547.500 Y=1610.000 Z=130.000), Max=(X=-7452.500 Y=1810.000 Z=150.000) RuntimeGrid:None EditorOnly:0 RuntimeOnly:0 HLODRelevant:0
 |   |   |   |- Guid:6E61E9334E508B5803625D883E22E119 BaseClass: NativeClass:/Script/Engine.StaticMeshActor Name:StaticMeshActor_UAID_00E01FA8B224756A02_1615110049 Label:Cube8 SpatiallyLoaded:1 Bounds:IsValid=true, Min=(X=-7657.500 Y=1590.000 Z=100.000), Max=(X=-7562.500 Y=1790.000 Z=120.000) RuntimeGrid:None EditorOnly:0 RuntimeOnly:0 HLODRelevant:0
 |   |   |   |- Guid:64D9255247E4B3BBCA41049D7E1C17D6 BaseClass: NativeClass:/Script/Engine.StaticMeshActor Name:StaticMeshActor_UAID_00E01FA8B224756A02_1615105048 Label:Cube7 SpatiallyLoaded:1 Bounds:IsValid=true, Min=(X=-7767.500 Y=1580.000 Z=80.000), Max=(X=-7672.500 Y=1780.000 Z=100.000) RuntimeGrid:None EditorOnly:0 RuntimeOnly:0 HLODRelevant:0
 |   |   |   |- Guid:68195DCE4E0D91EE38347184A83D7363 BaseClass: NativeClass:/Script/Engine.StaticMeshActor Name:StaticMeshActor_UAID_00E01FA8B224756A02_1615115052 Label:Cube10 SpatiallyLoaded:1 Bounds:IsValid=true, Min=(X=-7877.500 Y=1580.000 Z=40.000), Max=(X=-7782.500 Y=1780.000 Z=60.000) RuntimeGrid:None EditorOnly:0 RuntimeOnly:0 HLODRelevant:0
 |   |   |   |- Guid:C9A142C740CD7519ABD155AF28C1C88C BaseClass: NativeClass:/Script/Engine.StaticMeshActor Name:StaticMeshActor_UAID_00E01FA8B224756A02_1615119055 Label:Cube12 SpatiallyLoaded:1 Bounds:IsValid=true, Min=(X=-7987.500 Y=1570.000 Z=10.000), Max=(X=-7892.500 Y=1770.000 Z=30.000) RuntimeGrid:None EditorOnly:0 RuntimeOnly:0 HLODRelevant:0
 |   |   |- [+] [  7]
 |   |   |   |- Guid:FF698C67459ADB4982D7759C0905EE9F BaseClass: NativeClass:/Script/Engine.StaticMeshActor Name:StaticMeshActor_6 Label:SM_Cube3 SpatiallyLoaded:1 Bounds:IsValid=true, Min=(X=-6930.000 Y=720.000 Z=11.000), Max=(X=-3930.000 Y=820.000 Z=303.000) RuntimeGrid:None EditorOnly:0 RuntimeOnly:0 HLODRelevant:1 FolderPath:Playground FolderGuid:C73F09FC4215536B1DCE2A9E0A830C70
 |   |   |- [+] [  8]
 |   |   |   |- Guid:F487872C4A8DC0CA4BECDA9DA31BB776 BaseClass: NativeClass:/Script/Engine.StaticMeshActor Name:StaticMeshActor_UAID_00E01FA8B224766A02_1300524242 Label:Plane3 SpatiallyLoaded:1 Bounds:IsValid=true, Min=(X=-6377.625 Y=1340.000 Z=300.000), Max=(X=-4622.375 Y=1340.000 Z=300.000) RuntimeGrid:None EditorOnly:0 RuntimeOnly:0 HLODRelevant:1
 |   |   |- [+] [  9]
 |   |   |   |- Guid:5B97F4A64FB21F77EFC44386BF705B4C BaseClass: NativeClass:/Script/Engine.TextRenderActor Name:TextRenderActor_1 Label:TextRenderActor SpatiallyLoaded:1 Bounds:IsValid=true, Min=(X=-0.100 Y=1100.000 Z=65.013), Max=(X=-0.100 Y=2392.308 Z=215.013) RuntimeGrid:None EditorOnly:0 RuntimeOnly:0 HLODRelevant:0
 |   |   |- [+] [ 10]
 |   |   |   |- Guid:B785ED2844B84CFB91E7F39FE661CD99 BaseClass: NativeClass:/Script/Engine.DirectionalLight Name:DirectionalLight_0 Label:DirectionalLight SpatiallyLoaded:0 Bounds:IsValid=true, Min=(X=-4398046511104.000 Y=-4398046511104.000 Z=-4398046511104.000), Max=(X=4398046511104.000 Y=4398046511104.000 Z=4398046511104.000) RuntimeGrid:None EditorOnly:0 RuntimeOnly:0 HLODRelevant:0 FolderPath:Lighting FolderGuid:963EC3EB4002CCE9759E2EBA541A873A
 |   |   |- [+] [ 11]
 |   |   |   |- Guid:E73C6F3741ED51A53DD803819A1CA8D8 BaseClass: NativeClass:/Script/Engine.StaticMeshActor Name:StaticMeshActor_UAID_00E01FA8B224776A02_2085161425 Label:Cube25 SpatiallyLoaded:1 Bounds:IsValid=true, Min=(X=-6624.000 Y=1106.375 Z=418.500), Max=(X=-6596.000 Y=1133.625 Z=421.500) RuntimeGrid:None EditorOnly:0 RuntimeOnly:0 HLODRelevant:1
 |   |   |- [+] [ 12]
 |   |   |   |- Guid:9D80D75246B05663228CD5A4C576A8EE BaseClass: NativeClass:/Script/Engine.StaticMeshActor Name:StaticMeshActor_UAID_00E01FA8B224736A02_1663362671 Label:SM_Cube14 SpatiallyLoaded:1 Bounds:IsValid=true, Min=(X=-4390.000 Y=0.000 Z=-50.000), Max=(X=-1390.000 Y=3500.000 Z=0.000) RuntimeGrid:None EditorOnly:0 RuntimeOnly:0 HLODRelevant:1 FolderPath:Playground FolderGuid:C73F09FC4215536B1DCE2A9E0A830C70
 |   |   |- [+] [ 13]
 |   |   |   |- Guid:09A0D7224A37A8D8B8028E9539176146 BaseClass: NativeClass:/Script/Engine.StaticMeshActor Name:StaticMeshActor_UAID_00E01FA8B224746A02_1661955854 Label:SM_Cube17 SpatiallyLoaded:1 Bounds:IsValid=true, Min=(X=-6930.000 Y=2100.000 Z=11.000), Max=(X=-3930.000 Y=2200.000 Z=303.000) RuntimeGrid:None EditorOnly:0 RuntimeOnly:0 HLODRelevant:1 FolderPath:Playground FolderGuid:C73F09FC4215536B1DCE2A9E0A830C70
 |   |   |- [+] [ 14]
 |   |   |   |- Guid:94703D424E9C4B0D681A9884B1C70B35 BaseClass: NativeClass:/Script/Engine.StaticMeshActor Name:StaticMeshActor_UAID_00E01FA8B224796A02_1435639786 Label:Cube31 SpatiallyLoaded:1 Bounds:IsValid=true, Min=(X=-4860.000 Y=720.000 Z=300.000), Max=(X=-4760.000 Y=820.000 Z=400.000) RuntimeGrid:None EditorOnly:0 RuntimeOnly:0 HLODRelevant:1
 |   |   |- [+] [ 15]
 |   |   |   |- Guid:4D3BE93F4146AAAC8BBE79999D96D57F BaseClass: NativeClass:/Script/Engine.VolumetricCloud Name:VolumetricCloud_0 Label:VolumetricCloud SpatiallyLoaded:0 Bounds:IsValid=true, Min=(X=0.000 Y=0.000 Z=820.000), Max=(X=0.000 Y=0.000 Z=820.000) RuntimeGrid:None EditorOnly:0 RuntimeOnly:0 HLODRelevant:0 FolderPath:Lighting FolderGuid:963EC3EB4002CCE9759E2EBA541A873A
 |   |   |- [+] [ 16]
 |   |   |   |- Guid:38ACACB0448809734FA7C8B0E0D4E597 BaseClass: NativeClass:/Script/Engine.StaticMeshActor Name:StaticMeshActor_UAID_00E01FA8B224776A02_2121993426 Label:Cube26 SpatiallyLoaded:1 Bounds:IsValid=true, Min=(X=-6617.500 Y=1112.500 Z=421.750), Max=(X=-6602.500 Y=1127.500 Z=424.250) RuntimeGrid:None EditorOnly:0 RuntimeOnly:0 HLODRelevant:1
 |   |   |- [+] [ 17]
 |   |   |   |- Guid:5E7DCD7044F3B9F3F389E1A6C2AB06F4 BaseClass: NativeClass:/Script/Engine.StaticMeshActor Name:StaticMeshActor_UAID_00E01FA8B224776A02_1970872421 Label:Plane4 SpatiallyLoaded:1 Bounds:IsValid=true, Min=(X=-6730.000 Y=1050.000 Z=303.000), Max=(X=-6630.000 Y=1150.000 Z=303.000) RuntimeGrid:None EditorOnly:0 RuntimeOnly:0 HLODRelevant:1
 |   |   |- [+] [ 18]
 |   |   |   |- Guid:CCFF262C46EEFFDF319E7F9539CE697E BaseClass: NativeClass:/Script/Engine.SkyAtmosphere Name:SkyAtmosphere_0 Label:SkyAtmosphere SpatiallyLoaded:0 Bounds:IsValid=true, Min=(X=0.000 Y=0.000 Z=1020.000), Max=(X=0.000 Y=0.000 Z=1020.000) RuntimeGrid:None EditorOnly:0 RuntimeOnly:0 HLODRelevant:0 FolderPath:Lighting FolderGuid:963EC3EB4002CCE9759E2EBA541A873A
 |   |   |- [+] [ 19]
 |   |   |   |- Guid:5DF64C784A3F3FAFCF52A4A155EE2134 BaseClass: NativeClass:/Script/Engine.StaticMeshActor Name:StaticMeshActor_UAID_00E01FA8B224796A02_1435636785 Label:Cube30 SpatiallyLoaded:1 Bounds:IsValid=true, Min=(X=-5570.000 Y=720.000 Z=300.000), Max=(X=-5470.000 Y=820.000 Z=400.000) RuntimeGrid:None EditorOnly:0 RuntimeOnly:0 HLODRelevant:1
 |   |   |- [+] [ 20]
 |   |   |   |- Guid:EC4E0C944CE6AC6E784BC6BB2916EA13 BaseClass: NativeClass:/Script/Engine.StaticMeshActor Name:StaticMeshActor_UAID_A4AE111137DC5EFB00_1110535423 Label:SM_SkySphere SpatiallyLoaded:0 Bounds:IsValid=true, Min=(X=-1638400.000 Y=-1638400.000 Z=-1638400.000), Max=(X=1638400.000 Y=1638400.000 Z=1638400.000) RuntimeGrid:None EditorOnly:0 RuntimeOnly:0 HLODRelevant:1 FolderPath:Lighting FolderGuid:963EC3EB4002CCE9759E2EBA541A873A
 |   |   |- [+] [ 21]
 |   |   |   |- Guid:1A7B51A24E05CEB12C40EA873818ED06 BaseClass:/Game/WIdget/BP_Platforms.BP_Platforms_C NativeClass:/Script/Engine.Actor Name:BP_Platforms_C_UAID_00E01FA8B224766A02_1973934243 Label:BP_Platforms SpatiallyLoaded:1 Bounds:IsValid=true, Min=(X=-8222.000 Y=1338.000 Z=-32.000), Max=(X=-8158.000 Y=1402.000 Z=32.000) RuntimeGrid:None EditorOnly:0 RuntimeOnly:0 HLODRelevant:0
 |   |   |- [+] [ 22]
 |   |   |   |- Guid:43815E84492231AFC407F59E3C28176B BaseClass: NativeClass:/Script/Engine.StaticMeshActor Name:StaticMeshActor_4 Label:SM_Cube6 SpatiallyLoaded:1 Bounds:IsValid=true, Min=(X=-6990.000 Y=720.000 Z=-100.000), Max=(X=-6244.250 Y=2153.750 Z=300.000) RuntimeGrid:None EditorOnly:0 RuntimeOnly:0 HLODRelevant:1 FolderPath:Playground FolderGuid:C73F09FC4215536B1DCE2A9E0A830C70
 |   |   |- [+] [ 23]
 |   |   |   |- Guid:7B31E1C247025B4787E63697D6B9B5F1 BaseClass: NativeClass:/Script/Engine.StaticMeshActor Name:StaticMeshActor_UAID_00E01FA8B224776A02_2004564422 Label:Cube24 SpatiallyLoaded:1 Bounds:IsValid=true, Min=(X=-6629.500 Y=1100.750 Z=301.750), Max=(X=-6590.500 Y=1139.250 Z=418.250) RuntimeGrid:None EditorOnly:0 RuntimeOnly:0 HLODRelevant:1
 |   |   |- [+] [ 24]
 |   |   |   |- Guid:5317BF1B4356B370E038A09C7E5F529D BaseClass:/Game/Gate/BP_Gate.BP_Gate_C NativeClass:/Script/Engine.Actor Name:BP_Gate_C_UAID_00E01FA8B224766A02_1076670235 Label:BP_Gate SpatiallyLoaded:1 Bounds:IsValid=true, Min=(X=-6702.000 Y=1818.000 Z=308.000), Max=(X=-6638.000 Y=1882.000 Z=372.000) RuntimeGrid:None EditorOnly:0 RuntimeOnly:0 HLODRelevant:0
 |   |   |   |- Guid:F113E0744FBAADF439632ABC23F190BB BaseClass: NativeClass:/Script/Engine.StaticMeshActor Name:StaticMeshActor_UAID_00E01FA8B224766A02_1212039240 Label:Cube23 SpatiallyLoaded:1 Bounds:IsValid=true, Min=(X=-4909.625 Y=950.000 Z=-285.000), Max=(X=-4590.375 Y=2050.000 Z=-255.000) RuntimeGrid:None EditorOnly:0 RuntimeOnly:0 HLODRelevant:0
 |   |   |   |- Guid:54A3E90C4659BF68AC6A1AB61255CA9D BaseClass: NativeClass:/Script/Engine.StaticMeshActor Name:StaticMeshActor_UAID_00E01FA8B224766A02_1178050239 Label:Cube22 SpatiallyLoaded:1 Bounds:IsValid=true, Min=(X=-5311.875 Y=950.000 Z=-145.000), Max=(X=-4968.125 Y=2050.000 Z=-115.000) RuntimeGrid:None EditorOnly:0 RuntimeOnly:0 HLODRelevant:0
 |   |   |   |- Guid:8AF151774404848E270DE390B0C3F520 BaseClass: NativeClass:/Script/Engine.StaticMeshActor Name:StaticMeshActor_UAID_00E01FA8B224766A02_1151739238 Label:Cube21 SpatiallyLoaded:1 Bounds:IsValid=true, Min=(X=-5648.000 Y=950.000 Z=-85.000), Max=(X=-5352.000 Y=2050.000 Z=-55.000) RuntimeGrid:None EditorOnly:0 RuntimeOnly:0 HLODRelevant:0
 |   |   |   |- Guid:C8AECEE74AEE74FD6EA9448B1E224CA5 BaseClass: NativeClass:/Script/Engine.StaticMeshActor Name:StaticMeshActor_UAID_00E01FA8B224766A02_1145563237 Label:Cube20 SpatiallyLoaded:1 Bounds:IsValid=true, Min=(X=-5924.500 Y=940.000 Z=-15.000), Max=(X=-5695.500 Y=2040.000 Z=15.000) RuntimeGrid:None EditorOnly:0 RuntimeOnly:0 HLODRelevant:0
 |   |   |   |- Guid:506DF6B347748A370D28EE8747176193 BaseClass: NativeClass:/Script/Engine.StaticMeshActor Name:StaticMeshActor_UAID_00E01FA8B224766A02_1103477236 Label:Cube19 SpatiallyLoaded:1 Bounds:IsValid=true, Min=(X=-6186.500 Y=930.000 Z=85.000), Max=(X=-5973.500 Y=2030.000 Z=115.000) RuntimeGrid:None EditorOnly:0 RuntimeOnly:0 HLODRelevant:0
 |   |   |- [+] [ 25]
 |   |   |   |- Guid:D55EB333422318215C7643A87C05F222 BaseClass: NativeClass:/Script/Engine.StaticMeshActor Name:StaticMeshActor_UAID_00E01FA8B224796A02_1419872782 Label:Cube27 SpatiallyLoaded:1 Bounds:IsValid=true, Min=(X=-5570.000 Y=2100.000 Z=300.000), Max=(X=-5470.000 Y=2200.000 Z=400.000) RuntimeGrid:None EditorOnly:0 RuntimeOnly:0 HLODRelevant:1
 |   |   |- [+] [ 26]
 |   |   |   |- Guid:316CF2A6494ACA4C0E4180A87D36AB8F BaseClass: NativeClass:/Script/Engine.ExponentialHeightFog Name:ExponentialHeightFog_0 Label:ExponentialHeightFog SpatiallyLoaded:0 Bounds:IsValid=true, Min=(X=-5600.000 Y=-50.000 Z=-6850.000), Max=(X=-5600.000 Y=-50.000 Z=-6850.000) RuntimeGrid:None EditorOnly:0 RuntimeOnly:0 HLODRelevant:0 FolderPath:Lighting FolderGuid:963EC3EB4002CCE9759E2EBA541A873A
 |   |   |- [+] [ 27]
 |   |   |   |- Guid:44BA261F461A360C5A791480E9B4DF50 BaseClass: NativeClass:/Script/Engine.StaticMeshActor Name:StaticMeshActor_UAID_00E01FA8B224796A02_1424592783 Label:Cube28 SpatiallyLoaded:1 Bounds:IsValid=true, Min=(X=-4860.000 Y=2100.000 Z=300.000), Max=(X=-4760.000 Y=2200.000 Z=400.000) RuntimeGrid:None EditorOnly:0 RuntimeOnly:0 HLODRelevant:1
 |   |   |- [+] [ 28]
 |   |   |   |- Guid:95572DAD4EC7BB01AB2508986E90209A BaseClass:/Game/Switch/BP_Button.BP_Button_C NativeClass:/Script/Engine.Actor Name:BP_Button_C_UAID_00E01FA8B2247F6A02_1337235792 Label:BP_Button SpatiallyLoaded:1 Bounds:IsValid=true, Min=(X=-7982.000 Y=958.000 Z=38.000), Max=(X=-7918.000 Y=1022.000 Z=102.000) RuntimeGrid:None EditorOnly:0 RuntimeOnly:0 HLODRelevant:0
 |   |   |- [+] [ 29]
 |   |   |   |- Guid:1D1181A14C9259FAA95D159A2A71F359 BaseClass: NativeClass:/Script/Engine.StaticMeshActor Name:StaticMeshActor_UAID_00E01FA8B224766A02_1245721241 Label:SM_Cube15 SpatiallyLoaded:1 Bounds:IsValid=true, Min=(X=-4560.000 Y=720.000 Z=-100.000), Max=(X=-3814.250 Y=2153.750 Z=300.000) RuntimeGrid:None EditorOnly:0 RuntimeOnly:0 HLODRelevant:1 FolderPath:Playground FolderGuid:C73F09FC4215536B1DCE2A9E0A830C70
 |   |   |- [+] [ 30]
 |   |   |   |- Guid:09FF3E594EC0013A326B1889DDDF8965 BaseClass:/Game/WIdget/BP_Switch.BP_Switch_C NativeClass:/Script/Engine.Actor Name:BP_Switch_C_UAID_00E01FA8B224786A02_1682005603 Label:BP_Switch SpatiallyLoaded:1 Bounds:IsValid=true, Min=(X=-6692.000 Y=1058.000 Z=308.000), Max=(X=-6628.000 Y=1122.000 Z=372.000) RuntimeGrid:None EditorOnly:0 RuntimeOnly:0 HLODRelevant:0
 |   |   |- [+] [ 31]
 |   |   |   |- Guid:93F72AEE4B432DF21D85CB8D617EB443 BaseClass: NativeClass:/Script/Engine.StaticMeshActor Name:StaticMeshActor_UAID_00E01FA8B224756A02_2078508057 Label:Plane2 SpatiallyLoaded:1 Bounds:IsValid=true, Min=(X=-6720.000 Y=1800.000 Z=301.000), Max=(X=-6620.000 Y=1900.000 Z=301.000) RuntimeGrid:None EditorOnly:0 RuntimeOnly:0 HLODRelevant:1
 |   |   |- [+] [ 32]
 |   |   |   |- Guid:B6DA7719407F6E456D3ACD9DD5124986 BaseClass: NativeClass:/Script/Engine.StaticMeshActor Name:StaticMeshActor_UAID_00E01FA8B224746A02_1153326851 Label:Plane SpatiallyLoaded:1 Bounds:IsValid=true, Min=(X=-8200.000 Y=1310.000 Z=4.000), Max=(X=-8100.000 Y=1410.000 Z=4.000) RuntimeGrid:None EditorOnly:0 RuntimeOnly:0 HLODRelevant:1
 |   |   |- [+] [ 33]
 |   |   |   |- Guid:025F6D8140A63534B8C44390FA46D125 BaseClass: NativeClass:/Script/Engine.StaticMeshActor Name:StaticMeshActor_UAID_00E01FA8B224796A02_1435632784 Label:Cube29 SpatiallyLoaded:1 Bounds:IsValid=true, Min=(X=-6100.000 Y=720.000 Z=300.000), Max=(X=-6000.000 Y=820.000 Z=400.000) RuntimeGrid:None EditorOnly:0 RuntimeOnly:0 HLODRelevant:1
 |   |   |- [+] [ 34]
 |   |   |   |- Guid:2FB58999456391D349DC0F86DAC136ED BaseClass: NativeClass:/Script/Engine.SkyLight Name:SkyLight_1 Label:SkyLight SpatiallyLoaded:0 Bounds:IsValid=true, Min=(X=0.000 Y=0.000 Z=690.000), Max=(X=0.000 Y=0.000 Z=690.000) RuntimeGrid:None EditorOnly:0 RuntimeOnly:0 HLODRelevant:0 FolderPath:Lighting FolderGuid:963EC3EB4002CCE9759E2EBA541A873A
 |   |   |- [+] [ 35]
 |   |   |   |- Guid:1381ABFB4B508DB1ECFF7ABE95F724DA BaseClass:/Game/Switch/BP_Button.BP_Button_C NativeClass:/Script/Engine.Actor Name:BP_Button_C_UAID_00E01FA8B2247F6A02_1549796793 Label:BP_Button SpatiallyLoaded:1 Bounds:IsValid=true, Min=(X=-8192.000 Y=978.000 Z=-32.000), Max=(X=-8128.000 Y=1042.000 Z=32.000) RuntimeGrid:None EditorOnly:0 RuntimeOnly:0 HLODRelevant:0
 |   |   |- [+] [ 36]
 |   |   |   |- Guid:8174D397402CD96EED8114800F594493 BaseClass: NativeClass:/Script/Engine.PlayerStart Name:PlayerStart_UAID_00E01FA8B224736A02_1744123673 Label:PlayerStart2 SpatiallyLoaded:0 Bounds:IsValid=true, Min=(X=-8330.000 Y=1470.000 Z=0.013), Max=(X=-8250.000 Y=1550.000 Z=184.013) RuntimeGrid:None EditorOnly:0 RuntimeOnly:0 HLODRelevant:0
 |   |   |- [+] [ 37]
 |   |   |   |- Guid:F6383C784F69F3A326B0E2A96E02BBE9 BaseClass:/Game/Gate/BP_GateRight.BP_GateRight_C NativeClass:/Script/Engine.Actor Name:BP_GateRight_C_UAID_00E01FA8B224746A02_1170602852 Label:BP_GateRight SpatiallyLoaded:1 Bounds:IsValid=true, Min=(X=-8192.000 Y=1338.000 Z=8.000), Max=(X=-8128.000 Y=1402.000 Z=72.000) RuntimeGrid:None EditorOnly:0 RuntimeOnly:0 HLODRelevant:0
 |   |   |   |- Guid:3B3EB0E342180EDF9DE941AE6EED9998 BaseClass: NativeClass:/Script/Engine.StaticMeshActor Name:StaticMeshActor_UAID_00E01FA8B224746A02_1176932853 Label:Cube SpatiallyLoaded:1 Bounds:IsValid=true, Min=(X=-7447.500 Y=900.000 Z=170.000), Max=(X=-7352.500 Y=1100.000 Z=190.000) RuntimeGrid:None EditorOnly:0 RuntimeOnly:0 HLODRelevant:0
 |   |   |   |- Guid:4CA414054793352968E380ADD9FB951A BaseClass: NativeClass:/Script/Engine.StaticMeshActor Name:StaticMeshActor_UAID_00E01FA8B224746A02_1805153856 Label:Cube2 SpatiallyLoaded:1 Bounds:IsValid=true, Min=(X=-7547.500 Y=880.000 Z=130.000), Max=(X=-7452.500 Y=1080.000 Z=150.000) RuntimeGrid:None EditorOnly:0 RuntimeOnly:0 HLODRelevant:0
 |   |   |   |- Guid:4ED9C9424BDBD377341D3DB03B368A2C BaseClass: NativeClass:/Script/Engine.StaticMeshActor Name:StaticMeshActor_UAID_00E01FA8B224746A02_1809343857 Label:Cube3 SpatiallyLoaded:1 Bounds:IsValid=true, Min=(X=-7657.500 Y=880.000 Z=100.000), Max=(X=-7562.500 Y=1080.000 Z=120.000) RuntimeGrid:None EditorOnly:0 RuntimeOnly:0 HLODRelevant:0
 |   |   |   |- Guid:7C073EE44D8EE8A90F9AB981373A7504 BaseClass: NativeClass:/Script/Engine.StaticMeshActor Name:StaticMeshActor_UAID_00E01FA8B224746A02_1815531858 Label:Cube4 SpatiallyLoaded:1 Bounds:IsValid=true, Min=(X=-7767.500 Y=880.000 Z=80.000), Max=(X=-7672.500 Y=1080.000 Z=100.000) RuntimeGrid:None EditorOnly:0 RuntimeOnly:0 HLODRelevant:0
 |   |   |   |- Guid:4F15A3604928507D0EA419B0C0876D84 BaseClass: NativeClass:/Script/Engine.StaticMeshActor Name:StaticMeshActor_UAID_00E01FA8B224746A02_1822601859 Label:Cube5 SpatiallyLoaded:1 Bounds:IsValid=true, Min=(X=-7877.500 Y=870.000 Z=40.000), Max=(X=-7782.500 Y=1070.000 Z=60.000) RuntimeGrid:None EditorOnly:0 RuntimeOnly:0 HLODRelevant:0
 |   |   |   |- Guid:F85843DE4177F9FE63A188802778819D BaseClass: NativeClass:/Script/Engine.StaticMeshActor Name:StaticMeshActor_UAID_00E01FA8B224746A02_1836806860 Label:Cube6 SpatiallyLoaded:1 Bounds:IsValid=true, Min=(X=-7987.500 Y=890.000 Z=10.000), Max=(X=-7892.500 Y=1090.000 Z=30.000) RuntimeGrid:None EditorOnly:0 RuntimeOnly:0 HLODRelevant:0
 |   |   |   |- Guid:3DF3DA9E4F5D905F484C1B84C1B2A0D3 BaseClass: NativeClass:/Script/Engine.StaticMeshActor Name:StaticMeshActor_UAID_00E01FA8B224756A02_1443293047 Label:Cube15 SpatiallyLoaded:1 Bounds:IsValid=true, Min=(X=-7107.500 Y=940.000 Z=260.000), Max=(X=-7012.500 Y=1140.000 Z=280.000) RuntimeGrid:None EditorOnly:0 RuntimeOnly:0 HLODRelevant:0
 |   |   |   |- Guid:D56045C04DA4BC808EDF5FB35DEF6C64 BaseClass: NativeClass:/Script/Engine.StaticMeshActor Name:StaticMeshActor_UAID_00E01FA8B224756A02_1432815046 Label:Cube14 SpatiallyLoaded:1 Bounds:IsValid=true, Min=(X=-7217.500 Y=920.000 Z=230.000), Max=(X=-7122.500 Y=1120.000 Z=250.000) RuntimeGrid:None EditorOnly:0 RuntimeOnly:0 HLODRelevant:0
 |   |   |   |- Guid:AAB745C2408451E6EBFBAE9C6F222A79 BaseClass: NativeClass:/Script/Engine.StaticMeshActor Name:StaticMeshActor_UAID_00E01FA8B224756A02_1425498045 Label:Cube13 SpatiallyLoaded:1 Bounds:IsValid=true, Min=(X=-7327.500 Y=910.000 Z=200.000), Max=(X=-7232.500 Y=1110.000 Z=220.000) RuntimeGrid:None EditorOnly:0 RuntimeOnly:0 HLODRelevant:0
 |- ContainerInstances:
 |- [+] MainContainer:
 |   |-        ID: 0x0000000000000000
 |   |-    Bounds: IsValid=false, Min=(X=0.000 Y=0.000 Z=0.000), Max=(X=0.000 Y=0.000 Z=0.000)
 |   |- Transform: 0.000000,0.000000,0.000000|0.000000,0.000000,-0.000000|1.000000,1.000000,1.000000
 |   |- Container: /Game/ThirdPerson/Maps/ThirdPersonMap
----------------------------------------------------------------------------------------------------------------
ThirdPersonMap - Persistent Level
----------------------------------------------------------------------------------------------------------------
Always loaded Actor Count: 74 

----------------------------------------------------------------------------------------------------------------
ThirdPersonMap - Runtime Spatial Hash - Streaming Grid - MainGrid
----------------------------------------------------------------------------------------------------------------
            Origin: X=0.000 Y=0.000 Z=0.000
         Cell Size: 12800
      World Bounds: IsValid=false, Min=(X=0.000 Y=0.000 Z=0.000), Max=(X=0.000 Y=0.000 Z=0.000)
     Loading Range: 25600.00
Block Slow Loading: No
 ClientOnlyVisible: No

[+] Grid Levels: 1
 |- Level  0: Cell Count    0 | Cell Size   12800 | Actor Count    0 (0.0%)

[+] Content of Grid Level 0

